%このファイルは日本語文字を含みます.
\BOOKMARK [0][-]{chapter*.1}{まえがき}{}% 1
\BOOKMARK [0][-]{chapter.1}{第1章 Re:VIEW Starterの独自機能}{}% 2
\BOOKMARK [1][-]{section.1.1}{1.1 原稿本文を書くための機能}{chapter.1}% 3
\BOOKMARK [2][-]{section*.6}{強調}{section.1.1}% 4
\BOOKMARK [2][-]{section*.7}{目立たせないための「@<weak>\173\175」}{section.1.1}% 5
\BOOKMARK [2][-]{section*.8}{番号つきリストの機能強化}{section.1.1}% 6
\BOOKMARK [2][-]{section*.9}{ノート}{section.1.1}% 7
\BOOKMARK [2][-]{section*.10}{プログラムコード用のコマンドを統一}{section.1.1}% 8
\BOOKMARK [2][-]{section*.11}{ターミナル画面を表す「//terminal」ブロック}{section.1.1}% 9
\BOOKMARK [2][-]{section*.12}{プログラムコード中の長い行を自動的に折り返す}{section.1.1}% 10
\BOOKMARK [2][-]{section*.13}{プログラムやターミナルの行番号を出力}{section.1.1}% 11
\BOOKMARK [2][-]{section*.14}{ラベル指定なしでリスト番号を出力}{section.1.1}% 12
\BOOKMARK [2][-]{section*.15}{キャプションなしでもリスト番号だけを出力}{section.1.1}% 13
\BOOKMARK [2][-]{section*.16}{プログラムのキャプション直後の改ページを抑制}{section.1.1}% 14
\BOOKMARK [2][-]{section*.18}{コラム内の脚注}{section.1.1}% 15
\BOOKMARK [2][-]{section*.19}{右寄せ、左寄せ、センタリング}{section.1.1}% 16
\BOOKMARK [2][-]{section*.20}{章の概要}{section.1.1}% 17
\BOOKMARK [2][-]{section*.21}{図が次のページに送られるときにスペースを空けない}{section.1.1}% 18
\BOOKMARK [2][-]{section*.23}{図のまわりを線で囲む}{section.1.1}% 19
\BOOKMARK [2][-]{section*.26}{何もしない命令「@<nop>\173...\175」}{section.1.1}% 20
\BOOKMARK [2][-]{section*.27}{章や項を参照する「@<secref>\173\175」}{section.1.1}% 21
\BOOKMARK [2][-]{section*.28}{「@<chapref>\173\175」や「@<hd>\173\175」をリンクに}{section.1.1}% 22
\BOOKMARK [2][-]{section*.29}{ターミナルでのカーソル}{section.1.1}% 23
\BOOKMARK [2][-]{section*.30}{その他}{section.1.1}% 24
\BOOKMARK [1][-]{section.1.2}{1.2 レイアウトやデザインに関する変更や拡張}{chapter.1}% 25
\BOOKMARK [2][-]{section*.31}{Starterの設定ファイル「config-starter.yml」}{section.1.2}% 26
\BOOKMARK [2][-]{section*.32}{フォントサイズの変更に対応}{section.1.2}% 27
\BOOKMARK [2][-]{section*.34}{A5サイズの指定に対応}{section.1.2}% 28
\BOOKMARK [2][-]{section*.35}{本文の幅を全角40文字より長くできる}{section.1.2}% 29
\BOOKMARK [2][-]{section*.36}{奇数ページと偶数ページで左右の余白を変える}{section.1.2}% 30
\BOOKMARK [2][-]{section*.38}{ページ上部の余白を減らし、その分を本文の高さに追加}{section.1.2}% 31
\BOOKMARK [2][-]{section*.39}{ソースコード表示用のフォントを変更}{section.1.2}% 32
\BOOKMARK [2][-]{section*.41}{章や節のデザインを変更可能}{section.1.2}% 33
\BOOKMARK [2][-]{section*.44}{章のタイトルページを作成可能}{section.1.2}% 34
\BOOKMARK [2][-]{section*.46}{目次の文字を小さく、行間を狭く}{section.1.2}% 35
\BOOKMARK [2][-]{section*.47}{キャプションのデザインを変更}{section.1.2}% 36
\BOOKMARK [2][-]{section*.48}{引用のデザインを変更}{section.1.2}% 37
\BOOKMARK [2][-]{section*.49}{ページヘッダーを変更}{section.1.2}% 38
\BOOKMARK [2][-]{section*.50}{ページ番号のデザインを変更}{section.1.2}% 39
\BOOKMARK [2][-]{section*.51}{箇条書きの行頭記号を変更}{section.1.2}% 40
\BOOKMARK [2][-]{section*.52}{タイトルページと奥付を独立したファイルに}{section.1.2}% 41
\BOOKMARK [2][-]{section*.53}{奥付が必ず最終ページになるよう修正}{section.1.2}% 42
\BOOKMARK [2][-]{section*.54}{コラムがページまたぎする場合は横線を入れない}{section.1.2}% 43
\BOOKMARK [1][-]{section.1.3}{1.3 LaTeXのコマンドやスタイルファイルに関する機能}{chapter.1}% 44
\BOOKMARK [2][-]{section*.56}{スタイルシートを追加}{section.1.3}% 45
\BOOKMARK [2][-]{section*.57}{印刷用PDFと電子用PDFを切り替える}{section.1.3}% 46
\BOOKMARK [2][-]{section*.58}{ドラフトモードにして画像読み込みを省略する}{section.1.3}% 47
\BOOKMARK [2][-]{section*.59}{コンパイル時の出力を抑制}{section.1.3}% 48
\BOOKMARK [2][-]{section*.60}{LaTeXコマンドにオプションを追加}{section.1.3}% 49
\BOOKMARK [2][-]{section*.61}{実行するLaTeXコマンドをオプションつきで出力}{section.1.3}% 50
\BOOKMARK [2][-]{section*.62}{PDF生成を高速化する}{section.1.3}% 51
\BOOKMARK [2][-]{section*.63}{PDFにノンブルをつける}{section.1.3}% 52
\BOOKMARK [2][-]{section*.64}{rakeコマンドのデフォルトタスクを指定する}{section.1.3}% 53
\BOOKMARK [0][-]{chapter.2}{第2章 Re:VIEW Starter FAQ}{}% 54
\BOOKMARK [1][-]{section.2.1}{2.1 コメント}{chapter.2}% 55
\BOOKMARK [2][-]{section*.65}{範囲コメントはないの？}{section.2.1}% 56
\BOOKMARK [2][-]{section*.66}{行コメントを使ったら勝手に段落が分かれたんだけど、なんで？}{section.2.1}% 57
\BOOKMARK [1][-]{section.2.2}{2.2 箇条書き}{chapter.2}% 58
\BOOKMARK [2][-]{section*.67}{箇条書きで英単語が勝手に結合するんだけど？}{section.2.2}% 59
\BOOKMARK [2][-]{section*.68}{順序つき箇条書きに「A.」や「a.」や「\(1\)」を使いたい}{section.2.2}% 60
\BOOKMARK [2][-]{section*.69}{順序つき箇条書きを入れ子にできない？}{section.2.2}% 61
\BOOKMARK [1][-]{section.2.3}{2.3 ブロック命令}{chapter.2}% 62
\BOOKMARK [2][-]{section*.70}{ブロックの中に別のブロックを入れるとエラーになるよ？}{section.2.3}% 63
\BOOKMARK [2][-]{section*.71}{ブロックの中に箇条書きを入れても反映されないよ？}{section.2.3}% 64
\BOOKMARK [2][-]{section*.72}{「//info\173 ... //\175」のキャプションに「■メモ：」がつくんだけど？}{section.2.3}% 65
\BOOKMARK [1][-]{section.2.4}{2.4 ソースコード}{chapter.2}% 66
\BOOKMARK [2][-]{section*.73}{ソースコードの見た目が崩れるんだけど？}{section.2.4}% 67
\BOOKMARK [2][-]{section*.74}{コラム中のソースコードがページまたぎしてくれないよ？}{section.2.4}% 68
\BOOKMARK [2][-]{section*.75}{ソースコードを別ファイルから読み込む方法はないの？}{section.2.4}% 69
\BOOKMARK [2][-]{section*.76}{日本語だと長い行での折り返しが効かないの？}{section.2.4}% 70
\BOOKMARK [2][-]{section*.77}{まだ文字が入りそうなのに折り返しされるのはなんで？}{section.2.4}% 71
\BOOKMARK [1][-]{section.2.5}{2.5 コンパイル}{chapter.2}% 72
\BOOKMARK [2][-]{section*.80}{なんでLaTeXのコンパイルがいつも3回実行されるの？}{section.2.5}% 73
\BOOKMARK [2][-]{section*.81}{コンパイルに時間かかりすぎ。もっと速くできない？}{section.2.5}% 74
\BOOKMARK [1][-]{section.2.6}{2.6 タイトルページ（大扉）}{chapter.2}% 75
\BOOKMARK [2][-]{section*.82}{タイトルが長いので、指定した箇所で改行したいんだけど？}{section.2.6}% 76
\BOOKMARK [2][-]{section*.83}{タイトルぺージがださい。もっとかっこよくならない？}{section.2.6}% 77
\BOOKMARK [1][-]{section.2.7}{2.7 その他}{chapter.2}% 78
\BOOKMARK [2][-]{section*.85}{設定ファイルをいじったら、動かなくなった！}{section.2.7}% 79
\BOOKMARK [2][-]{section*.86}{印刷用と電子用で設定を少し変えるにはどうするの？}{section.2.7}% 80
\BOOKMARK [2][-]{section*.87}{LaTeXのスタイルファイルから環境変数を読める？}{section.2.7}% 81
\BOOKMARK [0][-]{chapter.3}{第3章 りさきゃんのページ}{}% 82
\BOOKMARK [0][-]{appendix*.88}{あとがき}{}% 83
\BOOKMARK [1][-]{section*.89}{著者紹介}{appendix*.88}% 84
